<?xml version="1.0" encoding="UTF-8"?>
<testng-results ignored="0" total="2" passed="2" failed="0" skipped="0">
  <reporter-output>
  </reporter-output>
  <suite started-at="2023-11-01T15:20:44 IST" name="Default suite" finished-at="2023-11-01T15:20:56 IST" duration-ms="12497">
    <groups>
    </groups>
    <test started-at="2023-11-01T15:20:44 IST" name="Default test" finished-at="2023-11-01T15:20:56 IST" duration-ms="12497">
      <class name="basic.Basics_Of_TestNg">
        <test-method signature="Login()[pri:0, instance:basic.Basics_Of_TestNg@4bb33f74]" started-at="2023-11-01T15:20:44 IST" name="Login" finished-at="2023-11-01T15:20:55 IST" duration-ms="11033" status="PASS">
          <reporter-output>
          </reporter-output>
        </test-method> <!-- Login -->
        <test-method signature="Logout()[pri:0, instance:basic.Basics_Of_TestNg@4bb33f74]" started-at="2023-11-01T15:20:55 IST" name="Logout" finished-at="2023-11-01T15:20:56 IST" depends-on-methods="basic.Basics_Of_TestNg.Login" duration-ms="1379" status="PASS">
          <reporter-output>
          </reporter-output>
        </test-method> <!-- Logout -->
      </class> <!-- basic.Basics_Of_TestNg -->
    </test> <!-- Default test -->
  </suite> <!-- Default suite -->
</testng-results>
